1554253335264	mozrunner::runner	INFO	Running command: "/usr/bin/firefox" "-marionette" "-foreground" "-no-remote" "-profile" "/tmp/rust_mozprofile.l5nNTzewtF1F"
1554253336723	addons.webextension.screenshots@mozilla.org	WARN	Loading extension 'screenshots@mozilla.org': Reading manifest: Invalid extension permission: mozillaAddons
1554253336723	addons.webextension.screenshots@mozilla.org	WARN	Loading extension 'screenshots@mozilla.org': Reading manifest: Invalid extension permission: resource://pdf.js/
1554253336724	addons.webextension.screenshots@mozilla.org	WARN	Loading extension 'screenshots@mozilla.org': Reading manifest: Invalid extension permission: about:reader*
1554253341750	Marionette	INFO	Listening on port 44629
1554253342015	Marionette	WARN	TLS certificate errors will be ignored for this session
1554253388872	mozrunner::runner	INFO	Running command: "/usr/bin/firefox" "-marionette" "-foreground" "-no-remote" "-profile" "/tmp/rust_mozprofile.p71tgylN6NWl"
1554253390915	addons.webextension.screenshots@mozilla.org	WARN	Loading extension 'screenshots@mozilla.org': Reading manifest: Invalid extension permission: mozillaAddons
1554253390916	addons.webextension.screenshots@mozilla.org	WARN	Loading extension 'screenshots@mozilla.org': Reading manifest: Invalid extension permission: resource://pdf.js/
1554253390916	addons.webextension.screenshots@mozilla.org	WARN	Loading extension 'screenshots@mozilla.org': Reading manifest: Invalid extension permission: about:reader*
1554253396241	Marionette	INFO	Listening on port 45151
1554253396406	Marionette	WARN	TLS certificate errors will be ignored for this session
1554253448595	mozrunner::runner	INFO	Running command: "/usr/bin/firefox" "-marionette" "-foreground" "-no-remote" "-profile" "/tmp/rust_mozprofile.xh1Gi3upcHaZ"
1554253449992	addons.webextension.screenshots@mozilla.org	WARN	Loading extension 'screenshots@mozilla.org': Reading manifest: Invalid extension permission: mozillaAddons
1554253449993	addons.webextension.screenshots@mozilla.org	WARN	Loading extension 'screenshots@mozilla.org': Reading manifest: Invalid extension permission: resource://pdf.js/
1554253449993	addons.webextension.screenshots@mozilla.org	WARN	Loading extension 'screenshots@mozilla.org': Reading manifest: Invalid extension permission: about:reader*
1554253453954	Marionette	INFO	Listening on port 36747
1554253454366	Marionette	WARN	TLS certificate errors will be ignored for this session
console.error: BroadcastService: 
  receivedBroadcastMessage: handler for
  remote-settings/monitor_changes
  threw error:
  Message: Error: Polling for changes failed: NetworkError when attempting to fetch resource..
  Stack:
    remoteSettingsFunction/remoteSettings.pollChanges@resource://services-settings/remote-settings.js:190:13

console.error: BroadcastService: 
  receivedBroadcastMessage: handler for
  remote-settings/monitor_changes
  threw error:
  Message: Error: Polling for changes failed: NetworkError when attempting to fetch resource..
  Stack:
    remoteSettingsFunction/remoteSettings.pollChanges@resource://services-settings/remote-settings.js:190:13

console.error: BroadcastService: 
  receivedBroadcastMessage: handler for
  remote-settings/monitor_changes
  threw error:
  Message: Error: Polling for changes failed: NetworkError when attempting to fetch resource..
  Stack:
    remoteSettingsFunction/remoteSettings.pollChanges@resource://services-settings/remote-settings.js:190:13

1554253663136	mozrunner::runner	INFO	Running command: "/usr/bin/firefox" "-marionette" "-foreground" "-no-remote" "-profile" "/tmp/rust_mozprofile.ta4DEjgFFC3k"
1554253664857	addons.webextension.screenshots@mozilla.org	WARN	Loading extension 'screenshots@mozilla.org': Reading manifest: Invalid extension permission: mozillaAddons
1554253664857	addons.webextension.screenshots@mozilla.org	WARN	Loading extension 'screenshots@mozilla.org': Reading manifest: Invalid extension permission: resource://pdf.js/
1554253664857	addons.webextension.screenshots@mozilla.org	WARN	Loading extension 'screenshots@mozilla.org': Reading manifest: Invalid extension permission: about:reader*
1554253669175	Marionette	INFO	Listening on port 46423
1554253669263	Marionette	WARN	TLS certificate errors will be ignored for this session
console.error: BroadcastService: 
  receivedBroadcastMessage: handler for
  remote-settings/monitor_changes
  threw error:
  Message: Error: Polling for changes failed: NetworkError when attempting to fetch resource..
  Stack:
    remoteSettingsFunction/remoteSettings.pollChanges@resource://services-settings/remote-settings.js:190:13

[Parent 8500, Gecko_IOThread] WARNING: pipe error (114): Connection reset by peer: file /build/firefox-QFhmDU/firefox-66.0.2+build1/ipc/chromium/src/chrome/common/ipc_channel_posix.cc, line 357
1554253764282	Marionette	INFO	Stopped listening on port 46423
[Parent 7505, Gecko_IOThread] WARNING: pipe error (133): Connection reset by peer: file /build/firefox-QFhmDU/firefox-66.0.2+build1/ipc/chromium/src/chrome/common/ipc_channel_posix.cc, line 357
1554253765883	Marionette	INFO	Stopped listening on port 36747
[Parent 6542, Gecko_IOThread] WARNING: pipe error (138): Connection reset by peer: file /build/firefox-QFhmDU/firefox-66.0.2+build1/ipc/chromium/src/chrome/common/ipc_channel_posix.cc, line 357
1554253767249	Marionette	INFO	Stopped listening on port 45151
1554253770450	Marionette	INFO	Stopped listening on port 44629
1554253842164	mozrunner::runner	INFO	Running command: "/usr/bin/firefox" "-marionette" "-foreground" "-no-remote" "-profile" "/tmp/rust_mozprofile.DNhNEDYy9C4n"
1554253843187	addons.webextension.screenshots@mozilla.org	WARN	Loading extension 'screenshots@mozilla.org': Reading manifest: Invalid extension permission: mozillaAddons
1554253843187	addons.webextension.screenshots@mozilla.org	WARN	Loading extension 'screenshots@mozilla.org': Reading manifest: Invalid extension permission: resource://pdf.js/
1554253843187	addons.webextension.screenshots@mozilla.org	WARN	Loading extension 'screenshots@mozilla.org': Reading manifest: Invalid extension permission: about:reader*
1554253845605	Marionette	INFO	Listening on port 37903
1554253845767	Marionette	WARN	TLS certificate errors will be ignored for this session
1554253954527	mozrunner::runner	INFO	Running command: "/usr/bin/firefox" "-marionette" "-foreground" "-no-remote" "-profile" "/tmp/rust_mozprofile.BTeT79qnk7bb"
1554253955106	addons.webextension.screenshots@mozilla.org	WARN	Loading extension 'screenshots@mozilla.org': Reading manifest: Invalid extension permission: mozillaAddons
1554253955107	addons.webextension.screenshots@mozilla.org	WARN	Loading extension 'screenshots@mozilla.org': Reading manifest: Invalid extension permission: resource://pdf.js/
1554253955107	addons.webextension.screenshots@mozilla.org	WARN	Loading extension 'screenshots@mozilla.org': Reading manifest: Invalid extension permission: about:reader*
1554253957118	Marionette	INFO	Listening on port 42487
1554253958120	Marionette	WARN	TLS certificate errors will be ignored for this session
console.error: BroadcastService: 
  receivedBroadcastMessage: handler for
  remote-settings/monitor_changes
  threw error:
  Message: Error: Polling for changes failed: NetworkError when attempting to fetch resource..
  Stack:
    remoteSettingsFunction/remoteSettings.pollChanges@resource://services-settings/remote-settings.js:190:13

console.error: BroadcastService: 
  receivedBroadcastMessage: handler for
  remote-settings/monitor_changes
  threw error:
  Message: Error: Polling for changes failed: NetworkError when attempting to fetch resource..
  Stack:
    remoteSettingsFunction/remoteSettings.pollChanges@resource://services-settings/remote-settings.js:190:13

1554254273282	Marionette	INFO	Stopped listening on port 42487
1554254297947	mozrunner::runner	INFO	Running command: "/usr/bin/firefox" "-marionette" "-foreground" "-no-remote" "-profile" "/tmp/rust_mozprofile.KkjHFE8fGHOn"
1554254298790	addons.webextension.screenshots@mozilla.org	WARN	Loading extension 'screenshots@mozilla.org': Reading manifest: Invalid extension permission: mozillaAddons
1554254298790	addons.webextension.screenshots@mozilla.org	WARN	Loading extension 'screenshots@mozilla.org': Reading manifest: Invalid extension permission: resource://pdf.js/
1554254298790	addons.webextension.screenshots@mozilla.org	WARN	Loading extension 'screenshots@mozilla.org': Reading manifest: Invalid extension permission: about:reader*
1554254301455	Marionette	INFO	Listening on port 40953
1554254301495	Marionette	WARN	TLS certificate errors will be ignored for this session
1554254314171	mozrunner::runner	INFO	Running command: "/usr/bin/firefox" "-marionette" "-foreground" "-no-remote" "-profile" "/tmp/rust_mozprofile.iZDBN3SotIfS"
1554254315814	addons.webextension.screenshots@mozilla.org	WARN	Loading extension 'screenshots@mozilla.org': Reading manifest: Invalid extension permission: mozillaAddons
1554254315815	addons.webextension.screenshots@mozilla.org	WARN	Loading extension 'screenshots@mozilla.org': Reading manifest: Invalid extension permission: resource://pdf.js/
1554254315815	addons.webextension.screenshots@mozilla.org	WARN	Loading extension 'screenshots@mozilla.org': Reading manifest: Invalid extension permission: about:reader*
1554254321799	Marionette	INFO	Listening on port 45665
1554254322144	Marionette	WARN	TLS certificate errors will be ignored for this session
1554254325936	Marionette	INFO	Stopped listening on port 37903
JavaScript error: chrome://marionette/content/proxy.js, line 275: NS_ERROR_ILLEGAL_VALUE
[Parent 12386, Gecko_IOThread] WARNING: pipe error (132): Connection reset by peer: file /build/firefox-QFhmDU/firefox-66.0.2+build1/ipc/chromium/src/chrome/common/ipc_channel_posix.cc, line 357
1554254328794	Marionette	INFO	Stopped listening on port 45665
1554254372019	mozrunner::runner	INFO	Running command: "/usr/bin/firefox" "-marionette" "-foreground" "-no-remote" "-profile" "/tmp/rust_mozprofile.ciQyGKYqfE4i"
1554254372807	addons.webextension.screenshots@mozilla.org	WARN	Loading extension 'screenshots@mozilla.org': Reading manifest: Invalid extension permission: mozillaAddons
1554254372808	addons.webextension.screenshots@mozilla.org	WARN	Loading extension 'screenshots@mozilla.org': Reading manifest: Invalid extension permission: resource://pdf.js/
1554254372808	addons.webextension.screenshots@mozilla.org	WARN	Loading extension 'screenshots@mozilla.org': Reading manifest: Invalid extension permission: about:reader*
1554254375170	Marionette	INFO	Listening on port 33307
1554254376085	Marionette	WARN	TLS certificate errors will be ignored for this session
console.error: BroadcastService: 
  receivedBroadcastMessage: handler for
  remote-settings/monitor_changes
  threw error:
  Message: Error: Polling for changes failed: NetworkError when attempting to fetch resource..
  Stack:
    remoteSettingsFunction/remoteSettings.pollChanges@resource://services-settings/remote-settings.js:190:13

console.error: BroadcastService: 
  receivedBroadcastMessage: handler for
  remote-settings/monitor_changes
  threw error:
  Message: Error: Polling for changes failed: NetworkError when attempting to fetch resource..
  Stack:
    remoteSettingsFunction/remoteSettings.pollChanges@resource://services-settings/remote-settings.js:190:13

1554254801952	Marionette	INFO	Stopped listening on port 33307
1554254810565	mozrunner::runner	INFO	Running command: "/usr/bin/firefox" "-marionette" "-foreground" "-no-remote" "-profile" "/tmp/rust_mozprofile.OUr4hcgfLoVW"
1554254811222	addons.webextension.screenshots@mozilla.org	WARN	Loading extension 'screenshots@mozilla.org': Reading manifest: Invalid extension permission: mozillaAddons
1554254811222	addons.webextension.screenshots@mozilla.org	WARN	Loading extension 'screenshots@mozilla.org': Reading manifest: Invalid extension permission: resource://pdf.js/
1554254811222	addons.webextension.screenshots@mozilla.org	WARN	Loading extension 'screenshots@mozilla.org': Reading manifest: Invalid extension permission: about:reader*
1554254814207	Marionette	INFO	Listening on port 44227
1554254814322	Marionette	WARN	TLS certificate errors will be ignored for this session
1554254882581	mozrunner::runner	INFO	Running command: "/usr/bin/firefox" "-marionette" "-foreground" "-no-remote" "-profile" "/tmp/rust_mozprofile.7PguE48Oagsv"
1554254884188	addons.webextension.screenshots@mozilla.org	WARN	Loading extension 'screenshots@mozilla.org': Reading manifest: Invalid extension permission: mozillaAddons
1554254884189	addons.webextension.screenshots@mozilla.org	WARN	Loading extension 'screenshots@mozilla.org': Reading manifest: Invalid extension permission: resource://pdf.js/
1554254884189	addons.webextension.screenshots@mozilla.org	WARN	Loading extension 'screenshots@mozilla.org': Reading manifest: Invalid extension permission: about:reader*
Exiting due to channel error.
Exiting due to channel error.
1554254955383	mozrunner::runner	INFO	Running command: "/usr/bin/firefox" "-marionette" "-foreground" "-no-remote" "-profile" "/tmp/rust_mozprofile.HXMIc2dEk1ak"
1554254960750	addons.webextension.screenshots@mozilla.org	WARN	Loading extension 'screenshots@mozilla.org': Reading manifest: Invalid extension permission: mozillaAddons
1554254960774	addons.webextension.screenshots@mozilla.org	WARN	Loading extension 'screenshots@mozilla.org': Reading manifest: Invalid extension permission: resource://pdf.js/
1554254960774	addons.webextension.screenshots@mozilla.org	WARN	Loading extension 'screenshots@mozilla.org': Reading manifest: Invalid extension permission: about:reader*
1554254972070	Marionette	INFO	Listening on port 35193
1554254979571	Marionette	WARN	TLS certificate errors will be ignored for this session
console.error: BroadcastService: 
  receivedBroadcastMessage: handler for
  remote-settings/monitor_changes
  threw error:
  Message: Error: Polling for changes failed: NetworkError when attempting to fetch resource..
  Stack:
    remoteSettingsFunction/remoteSettings.pollChanges@resource://services-settings/remote-settings.js:190:13

console.error: BroadcastService: 
  receivedBroadcastMessage: handler for
  remote-settings/monitor_changes
  threw error:
  Message: Error: Polling for changes failed: NetworkError when attempting to fetch resource..
  Stack:
    remoteSettingsFunction/remoteSettings.pollChanges@resource://services-settings/remote-settings.js:190:13

1554255233195	Marionette	INFO	Stopped listening on port 35193

###!!! [Parent][RunMessage] Error: Channel closing: too late to send/recv, messages will be lost

1554255233402	Marionette	INFO	Stopped listening on port 44227
1554255238865	Marionette	INFO	Stopped listening on port 40953
1554255269639	mozrunner::runner	INFO	Running command: "/usr/bin/firefox" "-marionette" "-foreground" "-no-remote" "-profile" "/tmp/rust_mozprofile.y9FNTQ7icKNg"
1554255270999	addons.webextension.screenshots@mozilla.org	WARN	Loading extension 'screenshots@mozilla.org': Reading manifest: Invalid extension permission: mozillaAddons
1554255271000	addons.webextension.screenshots@mozilla.org	WARN	Loading extension 'screenshots@mozilla.org': Reading manifest: Invalid extension permission: resource://pdf.js/
1554255271000	addons.webextension.screenshots@mozilla.org	WARN	Loading extension 'screenshots@mozilla.org': Reading manifest: Invalid extension permission: about:reader*
1554255273934	Marionette	INFO	Listening on port 46877
1554255274056	Marionette	WARN	TLS certificate errors will be ignored for this session
1554255277022	Marionette	INFO	Stopped listening on port 46877
1554255362006	mozrunner::runner	INFO	Running command: "/usr/bin/firefox" "-marionette" "-foreground" "-no-remote" "-profile" "/tmp/rust_mozprofile.PcM6jCTbytEw"
1554255362677	addons.webextension.screenshots@mozilla.org	WARN	Loading extension 'screenshots@mozilla.org': Reading manifest: Invalid extension permission: mozillaAddons
1554255362678	addons.webextension.screenshots@mozilla.org	WARN	Loading extension 'screenshots@mozilla.org': Reading manifest: Invalid extension permission: resource://pdf.js/
1554255362678	addons.webextension.screenshots@mozilla.org	WARN	Loading extension 'screenshots@mozilla.org': Reading manifest: Invalid extension permission: about:reader*
1554255364665	Marionette	INFO	Listening on port 35307
1554255364725	Marionette	WARN	TLS certificate errors will be ignored for this session
1554255367869	Marionette	INFO	Stopped listening on port 35307
1554255762714	mozrunner::runner	INFO	Running command: "/usr/bin/firefox" "-marionette" "-foreground" "-no-remote" "-profile" "/tmp/rust_mozprofile.npi1htRW1v2O"
1554255763377	addons.webextension.screenshots@mozilla.org	WARN	Loading extension 'screenshots@mozilla.org': Reading manifest: Invalid extension permission: mozillaAddons
1554255763378	addons.webextension.screenshots@mozilla.org	WARN	Loading extension 'screenshots@mozilla.org': Reading manifest: Invalid extension permission: resource://pdf.js/
1554255763378	addons.webextension.screenshots@mozilla.org	WARN	Loading extension 'screenshots@mozilla.org': Reading manifest: Invalid extension permission: about:reader*
1554255765211	Marionette	INFO	Listening on port 38649
1554255765258	Marionette	WARN	TLS certificate errors will be ignored for this session
1554255768657	Marionette	INFO	Stopped listening on port 38649
[Parent 18755, Gecko_IOThread] WARNING: pipe error (78): Connection reset by peer: file /build/firefox-QFhmDU/firefox-66.0.2+build1/ipc/chromium/src/chrome/common/ipc_channel_posix.cc, line 357
1554256281276	mozrunner::runner	INFO	Running command: "/usr/bin/firefox" "-marionette" "-foreground" "-no-remote" "-profile" "/tmp/rust_mozprofile.UMbPIjFVvkql"
1554256282133	addons.webextension.screenshots@mozilla.org	WARN	Loading extension 'screenshots@mozilla.org': Reading manifest: Invalid extension permission: mozillaAddons
1554256282133	addons.webextension.screenshots@mozilla.org	WARN	Loading extension 'screenshots@mozilla.org': Reading manifest: Invalid extension permission: resource://pdf.js/
1554256282134	addons.webextension.screenshots@mozilla.org	WARN	Loading extension 'screenshots@mozilla.org': Reading manifest: Invalid extension permission: about:reader*
1554256286210	Marionette	INFO	Listening on port 33771
1554256286328	Marionette	WARN	TLS certificate errors will be ignored for this session
1554256365331	mozrunner::runner	INFO	Running command: "/usr/bin/firefox" "-marionette" "-foreground" "-no-remote" "-profile" "/tmp/rust_mozprofile.qfIx17NmKcXV"
1554256366212	addons.webextension.screenshots@mozilla.org	WARN	Loading extension 'screenshots@mozilla.org': Reading manifest: Invalid extension permission: mozillaAddons
1554256366213	addons.webextension.screenshots@mozilla.org	WARN	Loading extension 'screenshots@mozilla.org': Reading manifest: Invalid extension permission: resource://pdf.js/
1554256366213	addons.webextension.screenshots@mozilla.org	WARN	Loading extension 'screenshots@mozilla.org': Reading manifest: Invalid extension permission: about:reader*
1554256371311	Marionette	INFO	Listening on port 46141
1554256371451	Marionette	WARN	TLS certificate errors will be ignored for this session
1554256377209	Marionette	INFO	Stopped listening on port 46141
[Parent 19726, Gecko_IOThread] WARNING: pipe error (78): Connection reset by peer: file /build/firefox-QFhmDU/firefox-66.0.2+build1/ipc/chromium/src/chrome/common/ipc_channel_posix.cc, line 357
1554256378507	Marionette	INFO	Stopped listening on port 33771
1554256464856	mozrunner::runner	INFO	Running command: "/usr/bin/firefox" "-marionette" "-foreground" "-no-remote" "-profile" "/tmp/rust_mozprofile.B5IcE2Ek5tmx"
1554256465750	addons.webextension.screenshots@mozilla.org	WARN	Loading extension 'screenshots@mozilla.org': Reading manifest: Invalid extension permission: mozillaAddons
1554256465750	addons.webextension.screenshots@mozilla.org	WARN	Loading extension 'screenshots@mozilla.org': Reading manifest: Invalid extension permission: resource://pdf.js/
1554256465750	addons.webextension.screenshots@mozilla.org	WARN	Loading extension 'screenshots@mozilla.org': Reading manifest: Invalid extension permission: about:reader*
1554256467974	Marionette	INFO	Listening on port 35515
1554256468008	Marionette	WARN	TLS certificate errors will be ignored for this session
1554256472576	Marionette	INFO	Stopped listening on port 35515

###!!! [Parent][RunMessage] Error: Channel closing: too late to send/recv, messages will be lost

1554256617326	mozrunner::runner	INFO	Running command: "/usr/bin/firefox" "-marionette" "-foreground" "-no-remote" "-profile" "/tmp/rust_mozprofile.VkD89rh1AK15"
1554256617957	addons.webextension.screenshots@mozilla.org	WARN	Loading extension 'screenshots@mozilla.org': Reading manifest: Invalid extension permission: mozillaAddons
1554256617957	addons.webextension.screenshots@mozilla.org	WARN	Loading extension 'screenshots@mozilla.org': Reading manifest: Invalid extension permission: resource://pdf.js/
1554256617958	addons.webextension.screenshots@mozilla.org	WARN	Loading extension 'screenshots@mozilla.org': Reading manifest: Invalid extension permission: about:reader*
1554256619612	Marionette	INFO	Listening on port 41323
1554256619648	Marionette	WARN	TLS certificate errors will be ignored for this session
1554256623013	Marionette	INFO	Stopped listening on port 41323
1554256718830	mozrunner::runner	INFO	Running command: "/usr/bin/firefox" "-marionette" "-foreground" "-no-remote" "-profile" "/tmp/rust_mozprofile.iRSkpZmlSQgk"
1554256719485	addons.webextension.screenshots@mozilla.org	WARN	Loading extension 'screenshots@mozilla.org': Reading manifest: Invalid extension permission: mozillaAddons
1554256719486	addons.webextension.screenshots@mozilla.org	WARN	Loading extension 'screenshots@mozilla.org': Reading manifest: Invalid extension permission: resource://pdf.js/
1554256719486	addons.webextension.screenshots@mozilla.org	WARN	Loading extension 'screenshots@mozilla.org': Reading manifest: Invalid extension permission: about:reader*
1554256721417	Marionette	INFO	Listening on port 45697
1554256721456	Marionette	WARN	TLS certificate errors will be ignored for this session
1554256730731	Marionette	INFO	Stopped listening on port 45697
1554256829631	mozrunner::runner	INFO	Running command: "/usr/bin/firefox" "-marionette" "-foreground" "-no-remote" "-profile" "/tmp/rust_mozprofile.20eHqmXILMsk"
1554256830198	addons.webextension.screenshots@mozilla.org	WARN	Loading extension 'screenshots@mozilla.org': Reading manifest: Invalid extension permission: mozillaAddons
1554256830199	addons.webextension.screenshots@mozilla.org	WARN	Loading extension 'screenshots@mozilla.org': Reading manifest: Invalid extension permission: resource://pdf.js/
1554256830199	addons.webextension.screenshots@mozilla.org	WARN	Loading extension 'screenshots@mozilla.org': Reading manifest: Invalid extension permission: about:reader*
1554256832033	Marionette	INFO	Listening on port 38887
1554256832053	Marionette	WARN	TLS certificate errors will be ignored for this session
1554256851203	Marionette	INFO	Stopped listening on port 38887
1554256958600	mozrunner::runner	INFO	Running command: "/usr/bin/firefox" "-marionette" "-foreground" "-no-remote" "-profile" "/tmp/rust_mozprofile.vyMDHlaL45yw"
1554256959557	addons.webextension.screenshots@mozilla.org	WARN	Loading extension 'screenshots@mozilla.org': Reading manifest: Invalid extension permission: mozillaAddons
1554256959558	addons.webextension.screenshots@mozilla.org	WARN	Loading extension 'screenshots@mozilla.org': Reading manifest: Invalid extension permission: resource://pdf.js/
1554256959558	addons.webextension.screenshots@mozilla.org	WARN	Loading extension 'screenshots@mozilla.org': Reading manifest: Invalid extension permission: about:reader*
1554256961192	Marionette	INFO	Listening on port 40797
1554256961273	Marionette	WARN	TLS certificate errors will be ignored for this session
[Parent 25118, Gecko_IOThread] WARNING: pipe error (139): Connection reset by peer: file /build/firefox-QFhmDU/firefox-66.0.2+build1/ipc/chromium/src/chrome/common/ipc_channel_posix.cc, line 357
1554256989684	Marionette	INFO	Stopped listening on port 40797
1554257047056	mozrunner::runner	INFO	Running command: "/usr/bin/firefox" "-marionette" "-foreground" "-no-remote" "-profile" "/tmp/rust_mozprofile.zQVmSuMWe9fK"
1554257047576	addons.webextension.screenshots@mozilla.org	WARN	Loading extension 'screenshots@mozilla.org': Reading manifest: Invalid extension permission: mozillaAddons
1554257047576	addons.webextension.screenshots@mozilla.org	WARN	Loading extension 'screenshots@mozilla.org': Reading manifest: Invalid extension permission: resource://pdf.js/
1554257047576	addons.webextension.screenshots@mozilla.org	WARN	Loading extension 'screenshots@mozilla.org': Reading manifest: Invalid extension permission: about:reader*
1554257049704	Marionette	INFO	Listening on port 36985
1554257049802	Marionette	WARN	TLS certificate errors will be ignored for this session
1554257109681	mozrunner::runner	INFO	Running command: "/usr/bin/firefox" "-marionette" "-foreground" "-no-remote" "-profile" "/tmp/rust_mozprofile.uyJ1lQzs8pUf"
1554257110329	addons.webextension.screenshots@mozilla.org	WARN	Loading extension 'screenshots@mozilla.org': Reading manifest: Invalid extension permission: mozillaAddons
1554257110334	addons.webextension.screenshots@mozilla.org	WARN	Loading extension 'screenshots@mozilla.org': Reading manifest: Invalid extension permission: resource://pdf.js/
1554257110334	addons.webextension.screenshots@mozilla.org	WARN	Loading extension 'screenshots@mozilla.org': Reading manifest: Invalid extension permission: about:reader*
1554257112829	Marionette	INFO	Listening on port 40237
1554257113003	Marionette	WARN	TLS certificate errors will be ignored for this session
Exiting due to channel error.
Exiting due to channel error.
Exiting due to channel error.
1554257217215	mozrunner::runner	INFO	Running command: "/usr/bin/firefox" "-marionette" "-foreground" "-no-remote" "-profile" "/tmp/rust_mozprofile.Oi8rOowiPXXg"
1554257218372	addons.webextension.screenshots@mozilla.org	WARN	Loading extension 'screenshots@mozilla.org': Reading manifest: Invalid extension permission: mozillaAddons
1554257218373	addons.webextension.screenshots@mozilla.org	WARN	Loading extension 'screenshots@mozilla.org': Reading manifest: Invalid extension permission: resource://pdf.js/
1554257218373	addons.webextension.screenshots@mozilla.org	WARN	Loading extension 'screenshots@mozilla.org': Reading manifest: Invalid extension permission: about:reader*
1554257221309	Marionette	INFO	Listening on port 35587
1554257221401	Marionette	WARN	TLS certificate errors will be ignored for this session
console.error: BroadcastService: 
console.error: BroadcastService: 
  receivedBroadcastMessage: handler for
  remote-settings/monitor_changes
  threw error:
  Message: Error: Polling for changes failed: NetworkError when attempting to fetch resource..
  Stack:
    remoteSettingsFunction/remoteSettings.pollChanges@resource://services-settings/remote-settings.js:190:13

  receivedBroadcastMessage: handler for
  remote-settings/monitor_changes
  threw error:
  Message: Error: Polling for changes failed: NetworkError when attempting to fetch resource..
  Stack:
    remoteSettingsFunction/remoteSettings.pollChanges@resource://services-settings/remote-settings.js:190:13

1554257414305	mozrunner::runner	INFO	Running command: "/usr/bin/firefox" "-marionette" "-foreground" "-no-remote" "-profile" "/tmp/rust_mozprofile.qlY2EscfzDZG"
1554257415756	addons.webextension.screenshots@mozilla.org	WARN	Loading extension 'screenshots@mozilla.org': Reading manifest: Invalid extension permission: mozillaAddons
1554257415757	addons.webextension.screenshots@mozilla.org	WARN	Loading extension 'screenshots@mozilla.org': Reading manifest: Invalid extension permission: resource://pdf.js/
1554257415757	addons.webextension.screenshots@mozilla.org	WARN	Loading extension 'screenshots@mozilla.org': Reading manifest: Invalid extension permission: about:reader*
1554257470136	Marionette	INFO	Listening on port 34665
Exiting due to channel error.
Exiting due to channel error.
[Child 29274, Chrome_ChildThread] WARNING: pipe error: Broken pipe: file /build/firefox-QFhmDU/firefox-66.0.2+build1/ipc/chromium/src/chrome/common/ipc_channel_posix.cc, line 726
[Child 29274, Chrome_ChildThread] WARNING: pipe error: Broken pipe: file /build/firefox-QFhmDU/firefox-66.0.2+build1/ipc/chromium/src/chrome/common/ipc_channel_posix.cc, line 726
[Child 29274, Chrome_ChildThread] WARNING: pipe error: Broken pipe: file /build/firefox-QFhmDU/firefox-66.0.2+build1/ipc/chromium/src/chrome/common/ipc_channel_posix.cc, line 726
[Child 29274, Chrome_ChildThread] WARNING: pipe error: Broken pipe: file /build/firefox-QFhmDU/firefox-66.0.2+build1/ipc/chromium/src/chrome/common/ipc_channel_posix.cc, line 726
[Child 29274, Chrome_ChildThread] WARNING: pipe error: Broken pipe: file /build/firefox-QFhmDU/firefox-66.0.2+build1/ipc/chromium/src/chrome/common/ipc_channel_posix.cc, line 726
[Child 29274, Chrome_ChildThread] WARNING: pipe error: Broken pipe: file /build/firefox-QFhmDU/firefox-66.0.2+build1/ipc/chromium/src/chrome/common/ipc_channel_posix.cc, line 726
[Child 29274, Chrome_ChildThread] WARNING: FileDescriptorSet destroyed with unconsumed descriptors: file /build/firefox-QFhmDU/firefox-66.0.2+build1/ipc/chromium/src/chrome/common/file_descriptor_set_posix.cc, line 23
[Child 29274, Chrome_ChildThread] WARNING: FileDescriptorSet destroyed with unconsumed descriptors: file /build/firefox-QFhmDU/firefox-66.0.2+build1/ipc/chromium/src/chrome/common/file_descriptor_set_posix.cc, line 23
Exiting due to channel error.
1555964487314	mozrunner::runner	INFO	Running command: "/usr/bin/firefox" "-marionette" "-foreground" "-no-remote" "-profile" "/tmp/rust_mozprofile.hYShbv7XQZbn"
1555964489450	addons.webextension.screenshots@mozilla.org	WARN	Loading extension 'screenshots@mozilla.org': Reading manifest: Invalid extension permission: mozillaAddons
1555964489451	addons.webextension.screenshots@mozilla.org	WARN	Loading extension 'screenshots@mozilla.org': Reading manifest: Invalid extension permission: resource://pdf.js/
1555964489451	addons.webextension.screenshots@mozilla.org	WARN	Loading extension 'screenshots@mozilla.org': Reading manifest: Invalid extension permission: about:reader*
1555964492444	Marionette	INFO	Listening on port 40331
1555964493453	Marionette	WARN	TLS certificate errors will be ignored for this session
1555964511480	Marionette	INFO	Stopped listening on port 40331
1555964603372	mozrunner::runner	INFO	Running command: "/usr/bin/firefox" "-marionette" "-foreground" "-no-remote" "-profile" "/tmp/rust_mozprofile.NvvZFXXyZrLm"
1555964604092	addons.webextension.screenshots@mozilla.org	WARN	Loading extension 'screenshots@mozilla.org': Reading manifest: Invalid extension permission: mozillaAddons
1555964604092	addons.webextension.screenshots@mozilla.org	WARN	Loading extension 'screenshots@mozilla.org': Reading manifest: Invalid extension permission: resource://pdf.js/
1555964604092	addons.webextension.screenshots@mozilla.org	WARN	Loading extension 'screenshots@mozilla.org': Reading manifest: Invalid extension permission: about:reader*
1555964606372	Marionette	INFO	Listening on port 42649
1555964606411	Marionette	WARN	TLS certificate errors will be ignored for this session
Exiting due to channel error.
Exiting due to channel error.
Exiting due to channel error.
